CRITICAL - 2024-01-02 08:45:20 --> CodeIgniter\View\Exceptions\ViewException: Invalid file: "movie_search.php"
in SYSTEMPATH\Exceptions\FrameworkException.php on line 39.
 1 SYSTEMPATH\View\View.php(216): CodeIgniter\Exceptions\FrameworkException::forInvalidFile('movie_search.php')
 2 SYSTEMPATH\Common.php(1178): CodeIgniter\View\View->render('movie_search', [], true)
 3 APPPATH\Controllers\MoviedbController.php(9): view('movie_search')
 4 SYSTEMPATH\CodeIgniter.php(941): App\Controllers\MoviedbController->index()
 5 SYSTEMPATH\CodeIgniter.php(502): CodeIgniter\CodeIgniter->runController(Object(App\Controllers\MoviedbController))
 6 SYSTEMPATH\CodeIgniter.php(361): CodeIgniter\CodeIgniter->handleRequest(null, Object(Config\Cache), false)
 7 FCPATH\index.php(79): CodeIgniter\CodeIgniter->run()
 8 SYSTEMPATH\Commands\Server\rewrite.php(47): require_once('C:\\dev\\appstarter\\public\\index.php')
CRITICAL - 2024-01-02 09:14:27 --> Error: Call to undefined function form_open()
in APPPATH\Views\search.php on line 9.
 1 SYSTEMPATH\View\View.php(228): include()
 2 SYSTEMPATH\View\View.php(231): CodeIgniter\View\View->CodeIgniter\View\{closure}()
 3 SYSTEMPATH\Common.php(1178): CodeIgniter\View\View->render('search', [], true)
 4 APPPATH\Controllers\MoviedbController.php(9): view('search')
 5 SYSTEMPATH\CodeIgniter.php(941): App\Controllers\MoviedbController->index()
 6 SYSTEMPATH\CodeIgniter.php(502): CodeIgniter\CodeIgniter->runController(Object(App\Controllers\MoviedbController))
 7 SYSTEMPATH\CodeIgniter.php(361): CodeIgniter\CodeIgniter->handleRequest(null, Object(Config\Cache), false)
 8 FCPATH\index.php(79): CodeIgniter\CodeIgniter->run()
 9 SYSTEMPATH\Commands\Server\rewrite.php(47): require_once('C:\\dev\\appstarter\\public\\index.php')
CRITICAL - 2024-01-02 09:14:28 --> Error: Call to undefined function form_open()
in APPPATH\Views\search.php on line 9.
 1 SYSTEMPATH\View\View.php(228): include()
 2 SYSTEMPATH\View\View.php(231): CodeIgniter\View\View->CodeIgniter\View\{closure}()
 3 SYSTEMPATH\Common.php(1178): CodeIgniter\View\View->render('search', [], true)
 4 APPPATH\Controllers\MoviedbController.php(9): view('search')
 5 SYSTEMPATH\CodeIgniter.php(941): App\Controllers\MoviedbController->index()
 6 SYSTEMPATH\CodeIgniter.php(502): CodeIgniter\CodeIgniter->runController(Object(App\Controllers\MoviedbController))
 7 SYSTEMPATH\CodeIgniter.php(361): CodeIgniter\CodeIgniter->handleRequest(null, Object(Config\Cache), false)
 8 FCPATH\index.php(79): CodeIgniter\CodeIgniter->run()
 9 SYSTEMPATH\Commands\Server\rewrite.php(47): require_once('C:\\dev\\appstarter\\public\\index.php')
CRITICAL - 2024-01-02 09:14:28 --> Error: Call to undefined function form_open()
in APPPATH\Views\search.php on line 9.
 1 SYSTEMPATH\View\View.php(228): include()
 2 SYSTEMPATH\View\View.php(231): CodeIgniter\View\View->CodeIgniter\View\{closure}()
 3 SYSTEMPATH\Common.php(1178): CodeIgniter\View\View->render('search', [], true)
 4 APPPATH\Controllers\MoviedbController.php(9): view('search')
 5 SYSTEMPATH\CodeIgniter.php(941): App\Controllers\MoviedbController->index()
 6 SYSTEMPATH\CodeIgniter.php(502): CodeIgniter\CodeIgniter->runController(Object(App\Controllers\MoviedbController))
 7 SYSTEMPATH\CodeIgniter.php(361): CodeIgniter\CodeIgniter->handleRequest(null, Object(Config\Cache), false)
 8 FCPATH\index.php(79): CodeIgniter\CodeIgniter->run()
 9 SYSTEMPATH\Commands\Server\rewrite.php(47): require_once('C:\\dev\\appstarter\\public\\index.php')
CRITICAL - 2024-01-02 09:16:42 --> Error: Call to undefined function form_open()
in APPPATH\Views\search.php on line 9.
 1 SYSTEMPATH\View\View.php(228): include()
 2 SYSTEMPATH\View\View.php(231): CodeIgniter\View\View->CodeIgniter\View\{closure}()
 3 SYSTEMPATH\Common.php(1178): CodeIgniter\View\View->render('search', [], true)
 4 APPPATH\Controllers\MoviedbController.php(9): view('search')
 5 SYSTEMPATH\CodeIgniter.php(941): App\Controllers\MoviedbController->index()
 6 SYSTEMPATH\CodeIgniter.php(502): CodeIgniter\CodeIgniter->runController(Object(App\Controllers\MoviedbController))
 7 SYSTEMPATH\CodeIgniter.php(361): CodeIgniter\CodeIgniter->handleRequest(null, Object(Config\Cache), false)
 8 FCPATH\index.php(79): CodeIgniter\CodeIgniter->run()
 9 SYSTEMPATH\Commands\Server\rewrite.php(47): require_once('C:\\dev\\appstarter\\public\\index.php')
CRITICAL - 2024-01-02 09:16:44 --> Error: Call to undefined function form_open()
in APPPATH\Views\search.php on line 9.
 1 SYSTEMPATH\View\View.php(228): include()
 2 SYSTEMPATH\View\View.php(231): CodeIgniter\View\View->CodeIgniter\View\{closure}()
 3 SYSTEMPATH\Common.php(1178): CodeIgniter\View\View->render('search', [], true)
 4 APPPATH\Controllers\MoviedbController.php(9): view('search')
 5 SYSTEMPATH\CodeIgniter.php(941): App\Controllers\MoviedbController->index()
 6 SYSTEMPATH\CodeIgniter.php(502): CodeIgniter\CodeIgniter->runController(Object(App\Controllers\MoviedbController))
 7 SYSTEMPATH\CodeIgniter.php(361): CodeIgniter\CodeIgniter->handleRequest(null, Object(Config\Cache), false)
 8 FCPATH\index.php(79): CodeIgniter\CodeIgniter->run()
 9 SYSTEMPATH\Commands\Server\rewrite.php(47): require_once('C:\\dev\\appstarter\\public\\index.php')
CRITICAL - 2024-01-02 09:16:44 --> Error: Call to undefined function form_open()
in APPPATH\Views\search.php on line 9.
 1 SYSTEMPATH\View\View.php(228): include()
 2 SYSTEMPATH\View\View.php(231): CodeIgniter\View\View->CodeIgniter\View\{closure}()
 3 SYSTEMPATH\Common.php(1178): CodeIgniter\View\View->render('search', [], true)
 4 APPPATH\Controllers\MoviedbController.php(9): view('search')
 5 SYSTEMPATH\CodeIgniter.php(941): App\Controllers\MoviedbController->index()
 6 SYSTEMPATH\CodeIgniter.php(502): CodeIgniter\CodeIgniter->runController(Object(App\Controllers\MoviedbController))
 7 SYSTEMPATH\CodeIgniter.php(361): CodeIgniter\CodeIgniter->handleRequest(null, Object(Config\Cache), false)
 8 FCPATH\index.php(79): CodeIgniter\CodeIgniter->run()
 9 SYSTEMPATH\Commands\Server\rewrite.php(47): require_once('C:\\dev\\appstarter\\public\\index.php')
CRITICAL - 2024-01-02 09:16:44 --> Error: Call to undefined function form_open()
in APPPATH\Views\search.php on line 9.
 1 SYSTEMPATH\View\View.php(228): include()
 2 SYSTEMPATH\View\View.php(231): CodeIgniter\View\View->CodeIgniter\View\{closure}()
 3 SYSTEMPATH\Common.php(1178): CodeIgniter\View\View->render('search', [], true)
 4 APPPATH\Controllers\MoviedbController.php(9): view('search')
 5 SYSTEMPATH\CodeIgniter.php(941): App\Controllers\MoviedbController->index()
 6 SYSTEMPATH\CodeIgniter.php(502): CodeIgniter\CodeIgniter->runController(Object(App\Controllers\MoviedbController))
 7 SYSTEMPATH\CodeIgniter.php(361): CodeIgniter\CodeIgniter->handleRequest(null, Object(Config\Cache), false)
 8 FCPATH\index.php(79): CodeIgniter\CodeIgniter->run()
 9 SYSTEMPATH\Commands\Server\rewrite.php(47): require_once('C:\\dev\\appstarter\\public\\index.php')
CRITICAL - 2024-01-02 09:16:45 --> Error: Call to undefined function form_open()
in APPPATH\Views\search.php on line 9.
 1 SYSTEMPATH\View\View.php(228): include()
 2 SYSTEMPATH\View\View.php(231): CodeIgniter\View\View->CodeIgniter\View\{closure}()
 3 SYSTEMPATH\Common.php(1178): CodeIgniter\View\View->render('search', [], true)
 4 APPPATH\Controllers\MoviedbController.php(9): view('search')
 5 SYSTEMPATH\CodeIgniter.php(941): App\Controllers\MoviedbController->index()
 6 SYSTEMPATH\CodeIgniter.php(502): CodeIgniter\CodeIgniter->runController(Object(App\Controllers\MoviedbController))
 7 SYSTEMPATH\CodeIgniter.php(361): CodeIgniter\CodeIgniter->handleRequest(null, Object(Config\Cache), false)
 8 FCPATH\index.php(79): CodeIgniter\CodeIgniter->run()
 9 SYSTEMPATH\Commands\Server\rewrite.php(47): require_once('C:\\dev\\appstarter\\public\\index.php')
CRITICAL - 2024-01-02 09:16:45 --> Error: Call to undefined function form_open()
in APPPATH\Views\search.php on line 9.
 1 SYSTEMPATH\View\View.php(228): include()
 2 SYSTEMPATH\View\View.php(231): CodeIgniter\View\View->CodeIgniter\View\{closure}()
 3 SYSTEMPATH\Common.php(1178): CodeIgniter\View\View->render('search', [], true)
 4 APPPATH\Controllers\MoviedbController.php(9): view('search')
 5 SYSTEMPATH\CodeIgniter.php(941): App\Controllers\MoviedbController->index()
 6 SYSTEMPATH\CodeIgniter.php(502): CodeIgniter\CodeIgniter->runController(Object(App\Controllers\MoviedbController))
 7 SYSTEMPATH\CodeIgniter.php(361): CodeIgniter\CodeIgniter->handleRequest(null, Object(Config\Cache), false)
 8 FCPATH\index.php(79): CodeIgniter\CodeIgniter->run()
 9 SYSTEMPATH\Commands\Server\rewrite.php(47): require_once('C:\\dev\\appstarter\\public\\index.php')
CRITICAL - 2024-01-02 09:16:45 --> Error: Call to undefined function form_open()
in APPPATH\Views\search.php on line 9.
 1 SYSTEMPATH\View\View.php(228): include()
 2 SYSTEMPATH\View\View.php(231): CodeIgniter\View\View->CodeIgniter\View\{closure}()
 3 SYSTEMPATH\Common.php(1178): CodeIgniter\View\View->render('search', [], true)
 4 APPPATH\Controllers\MoviedbController.php(9): view('search')
 5 SYSTEMPATH\CodeIgniter.php(941): App\Controllers\MoviedbController->index()
 6 SYSTEMPATH\CodeIgniter.php(502): CodeIgniter\CodeIgniter->runController(Object(App\Controllers\MoviedbController))
 7 SYSTEMPATH\CodeIgniter.php(361): CodeIgniter\CodeIgniter->handleRequest(null, Object(Config\Cache), false)
 8 FCPATH\index.php(79): CodeIgniter\CodeIgniter->run()
 9 SYSTEMPATH\Commands\Server\rewrite.php(47): require_once('C:\\dev\\appstarter\\public\\index.php')
CRITICAL - 2024-01-02 09:16:45 --> Error: Call to undefined function form_open()
in APPPATH\Views\search.php on line 9.
 1 SYSTEMPATH\View\View.php(228): include()
 2 SYSTEMPATH\View\View.php(231): CodeIgniter\View\View->CodeIgniter\View\{closure}()
 3 SYSTEMPATH\Common.php(1178): CodeIgniter\View\View->render('search', [], true)
 4 APPPATH\Controllers\MoviedbController.php(9): view('search')
 5 SYSTEMPATH\CodeIgniter.php(941): App\Controllers\MoviedbController->index()
 6 SYSTEMPATH\CodeIgniter.php(502): CodeIgniter\CodeIgniter->runController(Object(App\Controllers\MoviedbController))
 7 SYSTEMPATH\CodeIgniter.php(361): CodeIgniter\CodeIgniter->handleRequest(null, Object(Config\Cache), false)
 8 FCPATH\index.php(79): CodeIgniter\CodeIgniter->run()
 9 SYSTEMPATH\Commands\Server\rewrite.php(47): require_once('C:\\dev\\appstarter\\public\\index.php')
CRITICAL - 2024-01-02 09:16:45 --> Error: Call to undefined function form_open()
in APPPATH\Views\search.php on line 9.
 1 SYSTEMPATH\View\View.php(228): include()
 2 SYSTEMPATH\View\View.php(231): CodeIgniter\View\View->CodeIgniter\View\{closure}()
 3 SYSTEMPATH\Common.php(1178): CodeIgniter\View\View->render('search', [], true)
 4 APPPATH\Controllers\MoviedbController.php(9): view('search')
 5 SYSTEMPATH\CodeIgniter.php(941): App\Controllers\MoviedbController->index()
 6 SYSTEMPATH\CodeIgniter.php(502): CodeIgniter\CodeIgniter->runController(Object(App\Controllers\MoviedbController))
 7 SYSTEMPATH\CodeIgniter.php(361): CodeIgniter\CodeIgniter->handleRequest(null, Object(Config\Cache), false)
 8 FCPATH\index.php(79): CodeIgniter\CodeIgniter->run()
 9 SYSTEMPATH\Commands\Server\rewrite.php(47): require_once('C:\\dev\\appstarter\\public\\index.php')
CRITICAL - 2024-01-02 09:16:50 --> Error: Call to undefined function form_open()
in APPPATH\Views\search.php on line 9.
 1 SYSTEMPATH\View\View.php(228): include()
 2 SYSTEMPATH\View\View.php(231): CodeIgniter\View\View->CodeIgniter\View\{closure}()
 3 SYSTEMPATH\Common.php(1178): CodeIgniter\View\View->render('search', [], true)
 4 APPPATH\Controllers\MoviedbController.php(9): view('search')
 5 SYSTEMPATH\CodeIgniter.php(941): App\Controllers\MoviedbController->index()
 6 SYSTEMPATH\CodeIgniter.php(502): CodeIgniter\CodeIgniter->runController(Object(App\Controllers\MoviedbController))
 7 SYSTEMPATH\CodeIgniter.php(361): CodeIgniter\CodeIgniter->handleRequest(null, Object(Config\Cache), false)
 8 FCPATH\index.php(79): CodeIgniter\CodeIgniter->run()
CRITICAL - 2024-01-02 09:16:58 --> Error: Call to undefined function form_open()
in APPPATH\Views\search.php on line 9.
 1 SYSTEMPATH\View\View.php(228): include()
 2 SYSTEMPATH\View\View.php(231): CodeIgniter\View\View->CodeIgniter\View\{closure}()
 3 SYSTEMPATH\Common.php(1178): CodeIgniter\View\View->render('search', [], true)
 4 APPPATH\Controllers\MoviedbController.php(9): view('search')
 5 SYSTEMPATH\CodeIgniter.php(941): App\Controllers\MoviedbController->index()
 6 SYSTEMPATH\CodeIgniter.php(502): CodeIgniter\CodeIgniter->runController(Object(App\Controllers\MoviedbController))
 7 SYSTEMPATH\CodeIgniter.php(361): CodeIgniter\CodeIgniter->handleRequest(null, Object(Config\Cache), false)
 8 FCPATH\index.php(79): CodeIgniter\CodeIgniter->run()
CRITICAL - 2024-01-02 09:17:13 --> Error: Call to undefined function form_open()
in APPPATH\Views\search.php on line 9.
 1 SYSTEMPATH\View\View.php(228): include()
 2 SYSTEMPATH\View\View.php(231): CodeIgniter\View\View->CodeIgniter\View\{closure}()
 3 SYSTEMPATH\Common.php(1178): CodeIgniter\View\View->render('search', [], true)
 4 APPPATH\Controllers\MoviedbController.php(9): view('search')
 5 SYSTEMPATH\CodeIgniter.php(941): App\Controllers\MoviedbController->index()
 6 SYSTEMPATH\CodeIgniter.php(502): CodeIgniter\CodeIgniter->runController(Object(App\Controllers\MoviedbController))
 7 SYSTEMPATH\CodeIgniter.php(361): CodeIgniter\CodeIgniter->handleRequest(null, Object(Config\Cache), false)
 8 FCPATH\index.php(79): CodeIgniter\CodeIgniter->run()
CRITICAL - 2024-01-02 09:17:14 --> Error: Call to undefined function form_open()
in APPPATH\Views\search.php on line 9.
 1 SYSTEMPATH\View\View.php(228): include()
 2 SYSTEMPATH\View\View.php(231): CodeIgniter\View\View->CodeIgniter\View\{closure}()
 3 SYSTEMPATH\Common.php(1178): CodeIgniter\View\View->render('search', [], true)
 4 APPPATH\Controllers\MoviedbController.php(9): view('search')
 5 SYSTEMPATH\CodeIgniter.php(941): App\Controllers\MoviedbController->index()
 6 SYSTEMPATH\CodeIgniter.php(502): CodeIgniter\CodeIgniter->runController(Object(App\Controllers\MoviedbController))
 7 SYSTEMPATH\CodeIgniter.php(361): CodeIgniter\CodeIgniter->handleRequest(null, Object(Config\Cache), false)
 8 FCPATH\index.php(79): CodeIgniter\CodeIgniter->run()
CRITICAL - 2024-01-02 09:17:14 --> Error: Call to undefined function form_open()
in APPPATH\Views\search.php on line 9.
 1 SYSTEMPATH\View\View.php(228): include()
 2 SYSTEMPATH\View\View.php(231): CodeIgniter\View\View->CodeIgniter\View\{closure}()
 3 SYSTEMPATH\Common.php(1178): CodeIgniter\View\View->render('search', [], true)
 4 APPPATH\Controllers\MoviedbController.php(9): view('search')
 5 SYSTEMPATH\CodeIgniter.php(941): App\Controllers\MoviedbController->index()
 6 SYSTEMPATH\CodeIgniter.php(502): CodeIgniter\CodeIgniter->runController(Object(App\Controllers\MoviedbController))
 7 SYSTEMPATH\CodeIgniter.php(361): CodeIgniter\CodeIgniter->handleRequest(null, Object(Config\Cache), false)
 8 FCPATH\index.php(79): CodeIgniter\CodeIgniter->run()
CRITICAL - 2024-01-02 09:17:14 --> Error: Call to undefined function form_open()
in APPPATH\Views\search.php on line 9.
 1 SYSTEMPATH\View\View.php(228): include()
 2 SYSTEMPATH\View\View.php(231): CodeIgniter\View\View->CodeIgniter\View\{closure}()
 3 SYSTEMPATH\Common.php(1178): CodeIgniter\View\View->render('search', [], true)
 4 APPPATH\Controllers\MoviedbController.php(9): view('search')
 5 SYSTEMPATH\CodeIgniter.php(941): App\Controllers\MoviedbController->index()
 6 SYSTEMPATH\CodeIgniter.php(502): CodeIgniter\CodeIgniter->runController(Object(App\Controllers\MoviedbController))
 7 SYSTEMPATH\CodeIgniter.php(361): CodeIgniter\CodeIgniter->handleRequest(null, Object(Config\Cache), false)
 8 FCPATH\index.php(79): CodeIgniter\CodeIgniter->run()
CRITICAL - 2024-01-02 09:17:15 --> Error: Call to undefined function form_open()
in APPPATH\Views\search.php on line 9.
 1 SYSTEMPATH\View\View.php(228): include()
 2 SYSTEMPATH\View\View.php(231): CodeIgniter\View\View->CodeIgniter\View\{closure}()
 3 SYSTEMPATH\Common.php(1178): CodeIgniter\View\View->render('search', [], true)
 4 APPPATH\Controllers\MoviedbController.php(9): view('search')
 5 SYSTEMPATH\CodeIgniter.php(941): App\Controllers\MoviedbController->index()
 6 SYSTEMPATH\CodeIgniter.php(502): CodeIgniter\CodeIgniter->runController(Object(App\Controllers\MoviedbController))
 7 SYSTEMPATH\CodeIgniter.php(361): CodeIgniter\CodeIgniter->handleRequest(null, Object(Config\Cache), false)
 8 FCPATH\index.php(79): CodeIgniter\CodeIgniter->run()
CRITICAL - 2024-01-02 09:17:15 --> Error: Call to undefined function form_open()
in APPPATH\Views\search.php on line 9.
 1 SYSTEMPATH\View\View.php(228): include()
 2 SYSTEMPATH\View\View.php(231): CodeIgniter\View\View->CodeIgniter\View\{closure}()
 3 SYSTEMPATH\Common.php(1178): CodeIgniter\View\View->render('search', [], true)
 4 APPPATH\Controllers\MoviedbController.php(9): view('search')
 5 SYSTEMPATH\CodeIgniter.php(941): App\Controllers\MoviedbController->index()
 6 SYSTEMPATH\CodeIgniter.php(502): CodeIgniter\CodeIgniter->runController(Object(App\Controllers\MoviedbController))
 7 SYSTEMPATH\CodeIgniter.php(361): CodeIgniter\CodeIgniter->handleRequest(null, Object(Config\Cache), false)
 8 FCPATH\index.php(79): CodeIgniter\CodeIgniter->run()
CRITICAL - 2024-01-02 09:18:30 --> Error: Call to undefined function form_open()
in APPPATH\Views\search.php on line 10.
 1 SYSTEMPATH\View\View.php(228): include()
 2 SYSTEMPATH\View\View.php(231): CodeIgniter\View\View->CodeIgniter\View\{closure}()
 3 SYSTEMPATH\Common.php(1178): CodeIgniter\View\View->render('search', [], true)
 4 APPPATH\Controllers\MoviedbController.php(9): view('search')
 5 SYSTEMPATH\CodeIgniter.php(941): App\Controllers\MoviedbController->index()
 6 SYSTEMPATH\CodeIgniter.php(502): CodeIgniter\CodeIgniter->runController(Object(App\Controllers\MoviedbController))
 7 SYSTEMPATH\CodeIgniter.php(361): CodeIgniter\CodeIgniter->handleRequest(null, Object(Config\Cache), false)
 8 FCPATH\index.php(79): CodeIgniter\CodeIgniter->run()
 9 SYSTEMPATH\Commands\Server\rewrite.php(47): require_once('C:\\dev\\appstarter\\public\\index.php')
CRITICAL - 2024-01-02 09:18:34 --> Error: Call to undefined function form_open()
in APPPATH\Views\search.php on line 10.
 1 SYSTEMPATH\View\View.php(228): include()
 2 SYSTEMPATH\View\View.php(231): CodeIgniter\View\View->CodeIgniter\View\{closure}()
 3 SYSTEMPATH\Common.php(1178): CodeIgniter\View\View->render('search', [], true)
 4 APPPATH\Controllers\MoviedbController.php(9): view('search')
 5 SYSTEMPATH\CodeIgniter.php(941): App\Controllers\MoviedbController->index()
 6 SYSTEMPATH\CodeIgniter.php(502): CodeIgniter\CodeIgniter->runController(Object(App\Controllers\MoviedbController))
 7 SYSTEMPATH\CodeIgniter.php(361): CodeIgniter\CodeIgniter->handleRequest(null, Object(Config\Cache), false)
 8 FCPATH\index.php(79): CodeIgniter\CodeIgniter->run()
 9 SYSTEMPATH\Commands\Server\rewrite.php(47): require_once('C:\\dev\\appstarter\\public\\index.php')
CRITICAL - 2024-01-02 09:21:39 --> Error: Call to undefined function form_open()
in APPPATH\Views\search.php on line 10.
 1 SYSTEMPATH\View\View.php(228): include()
 2 SYSTEMPATH\View\View.php(231): CodeIgniter\View\View->CodeIgniter\View\{closure}()
 3 SYSTEMPATH\Common.php(1178): CodeIgniter\View\View->render('search', [], true)
 4 APPPATH\Controllers\MoviedbController.php(9): view('search')
 5 SYSTEMPATH\CodeIgniter.php(941): App\Controllers\MoviedbController->index()
 6 SYSTEMPATH\CodeIgniter.php(502): CodeIgniter\CodeIgniter->runController(Object(App\Controllers\MoviedbController))
 7 SYSTEMPATH\CodeIgniter.php(361): CodeIgniter\CodeIgniter->handleRequest(null, Object(Config\Cache), false)
 8 FCPATH\index.php(79): CodeIgniter\CodeIgniter->run()
 9 SYSTEMPATH\Commands\Server\rewrite.php(47): require_once('C:\\dev\\appstarter\\public\\index.php')
CRITICAL - 2024-01-02 09:22:02 --> Error: Call to undefined function form_open()
in APPPATH\Views\search.php on line 10.
 1 SYSTEMPATH\View\View.php(228): include()
 2 SYSTEMPATH\View\View.php(231): CodeIgniter\View\View->CodeIgniter\View\{closure}()
 3 SYSTEMPATH\Common.php(1178): CodeIgniter\View\View->render('search', [], true)
 4 APPPATH\Controllers\MoviedbController.php(9): view('search')
 5 SYSTEMPATH\CodeIgniter.php(941): App\Controllers\MoviedbController->index()
 6 SYSTEMPATH\CodeIgniter.php(502): CodeIgniter\CodeIgniter->runController(Object(App\Controllers\MoviedbController))
 7 SYSTEMPATH\CodeIgniter.php(361): CodeIgniter\CodeIgniter->handleRequest(null, Object(Config\Cache), false)
 8 FCPATH\index.php(79): CodeIgniter\CodeIgniter->run()
 9 SYSTEMPATH\Commands\Server\rewrite.php(47): require_once('C:\\dev\\appstarter\\public\\index.php')
CRITICAL - 2024-01-02 09:22:02 --> Error: Call to undefined function form_open()
in APPPATH\Views\search.php on line 10.
 1 SYSTEMPATH\View\View.php(228): include()
 2 SYSTEMPATH\View\View.php(231): CodeIgniter\View\View->CodeIgniter\View\{closure}()
 3 SYSTEMPATH\Common.php(1178): CodeIgniter\View\View->render('search', [], true)
 4 APPPATH\Controllers\MoviedbController.php(9): view('search')
 5 SYSTEMPATH\CodeIgniter.php(941): App\Controllers\MoviedbController->index()
 6 SYSTEMPATH\CodeIgniter.php(502): CodeIgniter\CodeIgniter->runController(Object(App\Controllers\MoviedbController))
 7 SYSTEMPATH\CodeIgniter.php(361): CodeIgniter\CodeIgniter->handleRequest(null, Object(Config\Cache), false)
 8 FCPATH\index.php(79): CodeIgniter\CodeIgniter->run()
 9 SYSTEMPATH\Commands\Server\rewrite.php(47): require_once('C:\\dev\\appstarter\\public\\index.php')
CRITICAL - 2024-01-02 09:22:02 --> Error: Call to undefined function form_open()
in APPPATH\Views\search.php on line 10.
 1 SYSTEMPATH\View\View.php(228): include()
 2 SYSTEMPATH\View\View.php(231): CodeIgniter\View\View->CodeIgniter\View\{closure}()
 3 SYSTEMPATH\Common.php(1178): CodeIgniter\View\View->render('search', [], true)
 4 APPPATH\Controllers\MoviedbController.php(9): view('search')
 5 SYSTEMPATH\CodeIgniter.php(941): App\Controllers\MoviedbController->index()
 6 SYSTEMPATH\CodeIgniter.php(502): CodeIgniter\CodeIgniter->runController(Object(App\Controllers\MoviedbController))
 7 SYSTEMPATH\CodeIgniter.php(361): CodeIgniter\CodeIgniter->handleRequest(null, Object(Config\Cache), false)
 8 FCPATH\index.php(79): CodeIgniter\CodeIgniter->run()
 9 SYSTEMPATH\Commands\Server\rewrite.php(47): require_once('C:\\dev\\appstarter\\public\\index.php')
CRITICAL - 2024-01-02 09:22:36 --> Error: Call to undefined function form_open()
in APPPATH\Views\search.php on line 10.
 1 SYSTEMPATH\View\View.php(228): include()
 2 SYSTEMPATH\View\View.php(231): CodeIgniter\View\View->CodeIgniter\View\{closure}()
 3 SYSTEMPATH\Common.php(1178): CodeIgniter\View\View->render('search', [], true)
 4 APPPATH\Controllers\MoviedbController.php(9): view('search')
 5 SYSTEMPATH\CodeIgniter.php(941): App\Controllers\MoviedbController->index()
 6 SYSTEMPATH\CodeIgniter.php(502): CodeIgniter\CodeIgniter->runController(Object(App\Controllers\MoviedbController))
 7 SYSTEMPATH\CodeIgniter.php(361): CodeIgniter\CodeIgniter->handleRequest(null, Object(Config\Cache), false)
 8 FCPATH\index.php(79): CodeIgniter\CodeIgniter->run()
 9 SYSTEMPATH\Commands\Server\rewrite.php(47): require_once('C:\\dev\\appstarter\\public\\index.php')
CRITICAL - 2024-01-02 09:22:38 --> Error: Call to undefined function form_open()
in APPPATH\Views\search.php on line 10.
 1 SYSTEMPATH\View\View.php(228): include()
 2 SYSTEMPATH\View\View.php(231): CodeIgniter\View\View->CodeIgniter\View\{closure}()
 3 SYSTEMPATH\Common.php(1178): CodeIgniter\View\View->render('search', [], true)
 4 APPPATH\Controllers\MoviedbController.php(9): view('search')
 5 SYSTEMPATH\CodeIgniter.php(941): App\Controllers\MoviedbController->index()
 6 SYSTEMPATH\CodeIgniter.php(502): CodeIgniter\CodeIgniter->runController(Object(App\Controllers\MoviedbController))
 7 SYSTEMPATH\CodeIgniter.php(361): CodeIgniter\CodeIgniter->handleRequest(null, Object(Config\Cache), false)
 8 FCPATH\index.php(79): CodeIgniter\CodeIgniter->run()
 9 SYSTEMPATH\Commands\Server\rewrite.php(47): require_once('C:\\dev\\appstarter\\public\\index.php')
CRITICAL - 2024-01-02 09:22:38 --> Error: Call to undefined function form_open()
in APPPATH\Views\search.php on line 10.
 1 SYSTEMPATH\View\View.php(228): include()
 2 SYSTEMPATH\View\View.php(231): CodeIgniter\View\View->CodeIgniter\View\{closure}()
 3 SYSTEMPATH\Common.php(1178): CodeIgniter\View\View->render('search', [], true)
 4 APPPATH\Controllers\MoviedbController.php(9): view('search')
 5 SYSTEMPATH\CodeIgniter.php(941): App\Controllers\MoviedbController->index()
 6 SYSTEMPATH\CodeIgniter.php(502): CodeIgniter\CodeIgniter->runController(Object(App\Controllers\MoviedbController))
 7 SYSTEMPATH\CodeIgniter.php(361): CodeIgniter\CodeIgniter->handleRequest(null, Object(Config\Cache), false)
 8 FCPATH\index.php(79): CodeIgniter\CodeIgniter->run()
 9 SYSTEMPATH\Commands\Server\rewrite.php(47): require_once('C:\\dev\\appstarter\\public\\index.php')
CRITICAL - 2024-01-02 09:22:38 --> Error: Call to undefined function form_open()
in APPPATH\Views\search.php on line 10.
 1 SYSTEMPATH\View\View.php(228): include()
 2 SYSTEMPATH\View\View.php(231): CodeIgniter\View\View->CodeIgniter\View\{closure}()
 3 SYSTEMPATH\Common.php(1178): CodeIgniter\View\View->render('search', [], true)
 4 APPPATH\Controllers\MoviedbController.php(9): view('search')
 5 SYSTEMPATH\CodeIgniter.php(941): App\Controllers\MoviedbController->index()
 6 SYSTEMPATH\CodeIgniter.php(502): CodeIgniter\CodeIgniter->runController(Object(App\Controllers\MoviedbController))
 7 SYSTEMPATH\CodeIgniter.php(361): CodeIgniter\CodeIgniter->handleRequest(null, Object(Config\Cache), false)
 8 FCPATH\index.php(79): CodeIgniter\CodeIgniter->run()
 9 SYSTEMPATH\Commands\Server\rewrite.php(47): require_once('C:\\dev\\appstarter\\public\\index.php')
CRITICAL - 2024-01-02 09:22:38 --> Error: Call to undefined function form_open()
in APPPATH\Views\search.php on line 10.
 1 SYSTEMPATH\View\View.php(228): include()
 2 SYSTEMPATH\View\View.php(231): CodeIgniter\View\View->CodeIgniter\View\{closure}()
 3 SYSTEMPATH\Common.php(1178): CodeIgniter\View\View->render('search', [], true)
 4 APPPATH\Controllers\MoviedbController.php(9): view('search')
 5 SYSTEMPATH\CodeIgniter.php(941): App\Controllers\MoviedbController->index()
 6 SYSTEMPATH\CodeIgniter.php(502): CodeIgniter\CodeIgniter->runController(Object(App\Controllers\MoviedbController))
 7 SYSTEMPATH\CodeIgniter.php(361): CodeIgniter\CodeIgniter->handleRequest(null, Object(Config\Cache), false)
 8 FCPATH\index.php(79): CodeIgniter\CodeIgniter->run()
 9 SYSTEMPATH\Commands\Server\rewrite.php(47): require_once('C:\\dev\\appstarter\\public\\index.php')
CRITICAL - 2024-01-02 09:22:39 --> Error: Call to undefined function form_open()
in APPPATH\Views\search.php on line 10.
 1 SYSTEMPATH\View\View.php(228): include()
 2 SYSTEMPATH\View\View.php(231): CodeIgniter\View\View->CodeIgniter\View\{closure}()
 3 SYSTEMPATH\Common.php(1178): CodeIgniter\View\View->render('search', [], true)
 4 APPPATH\Controllers\MoviedbController.php(9): view('search')
 5 SYSTEMPATH\CodeIgniter.php(941): App\Controllers\MoviedbController->index()
 6 SYSTEMPATH\CodeIgniter.php(502): CodeIgniter\CodeIgniter->runController(Object(App\Controllers\MoviedbController))
 7 SYSTEMPATH\CodeIgniter.php(361): CodeIgniter\CodeIgniter->handleRequest(null, Object(Config\Cache), false)
 8 FCPATH\index.php(79): CodeIgniter\CodeIgniter->run()
 9 SYSTEMPATH\Commands\Server\rewrite.php(47): require_once('C:\\dev\\appstarter\\public\\index.php')
CRITICAL - 2024-01-02 09:23:11 --> Error: Call to undefined function form_open()
in APPPATH\Views\search.php on line 10.
 1 SYSTEMPATH\View\View.php(228): include()
 2 SYSTEMPATH\View\View.php(231): CodeIgniter\View\View->CodeIgniter\View\{closure}()
 3 SYSTEMPATH\Common.php(1178): CodeIgniter\View\View->render('search', [], true)
 4 APPPATH\Controllers\MoviedbController.php(9): view('search')
 5 SYSTEMPATH\CodeIgniter.php(941): App\Controllers\MoviedbController->index()
 6 SYSTEMPATH\CodeIgniter.php(502): CodeIgniter\CodeIgniter->runController(Object(App\Controllers\MoviedbController))
 7 SYSTEMPATH\CodeIgniter.php(361): CodeIgniter\CodeIgniter->handleRequest(null, Object(Config\Cache), false)
 8 FCPATH\index.php(79): CodeIgniter\CodeIgniter->run()
 9 SYSTEMPATH\Commands\Server\rewrite.php(47): require_once('C:\\dev\\appstarter\\public\\index.php')
CRITICAL - 2024-01-02 09:26:57 --> CodeIgniter\View\Exceptions\ViewException: Invalid file: "movie_results.php"
in SYSTEMPATH\Exceptions\FrameworkException.php on line 39.
 1 SYSTEMPATH\View\View.php(216): CodeIgniter\Exceptions\FrameworkException::forInvalidFile('movie_results.php')
 2 SYSTEMPATH\Common.php(1178): CodeIgniter\View\View->render('movie_results', [], true)
 3 APPPATH\Controllers\MoviedbController.php(24): view('movie_results', [...])
 4 SYSTEMPATH\CodeIgniter.php(941): App\Controllers\MoviedbController->search()
 5 SYSTEMPATH\CodeIgniter.php(502): CodeIgniter\CodeIgniter->runController(Object(App\Controllers\MoviedbController))
 6 SYSTEMPATH\CodeIgniter.php(361): CodeIgniter\CodeIgniter->handleRequest(null, Object(Config\Cache), false)
 7 FCPATH\index.php(79): CodeIgniter\CodeIgniter->run()
 8 SYSTEMPATH\Commands\Server\rewrite.php(47): require_once('C:\\dev\\appstarter\\public\\index.php')
CRITICAL - 2024-01-02 09:57:29 --> ParseError: syntax error, unexpected end of file, expecting "elseif" or "else" or "endif"
in APPPATH\Views\results.php on line 22.
 1 SYSTEMPATH\View\View.php(231): CodeIgniter\View\View->CodeIgniter\View\{closure}()
 2 SYSTEMPATH\Common.php(1178): CodeIgniter\View\View->render('results', [], true)
 3 APPPATH\Controllers\MoviedbController.php(32): view('results', [...])
 4 SYSTEMPATH\CodeIgniter.php(941): App\Controllers\MoviedbController->search()
 5 SYSTEMPATH\CodeIgniter.php(502): CodeIgniter\CodeIgniter->runController(Object(App\Controllers\MoviedbController))
 6 SYSTEMPATH\CodeIgniter.php(361): CodeIgniter\CodeIgniter->handleRequest(null, Object(Config\Cache), false)
 7 FCPATH\index.php(79): CodeIgniter\CodeIgniter->run()
 8 SYSTEMPATH\Commands\Server\rewrite.php(47): require_once('C:\\dev\\appstarter\\public\\index.php')
CRITICAL - 2024-01-02 09:57:46 --> ErrorException: Undefined variable $error
in APPPATH\Views\results.php on line 6.
 1 APPPATH\Views\results.php(6): CodeIgniter\Debug\Exceptions->errorHandler(2, 'Undefined variable $error', 'C:\\dev\\appstarter\\app\\Views\\results.php', 6)
 2 SYSTEMPATH\View\View.php(228): include('C:\\dev\\appstarter\\app\\Views\\results.php')
 3 SYSTEMPATH\View\View.php(231): CodeIgniter\View\View->CodeIgniter\View\{closure}()
 4 SYSTEMPATH\Common.php(1178): CodeIgniter\View\View->render('results', [], true)
 5 APPPATH\Controllers\MoviedbController.php(32): view('results', [...])
 6 SYSTEMPATH\CodeIgniter.php(941): App\Controllers\MoviedbController->search()
 7 SYSTEMPATH\CodeIgniter.php(502): CodeIgniter\CodeIgniter->runController(Object(App\Controllers\MoviedbController))
 8 SYSTEMPATH\CodeIgniter.php(361): CodeIgniter\CodeIgniter->handleRequest(null, Object(Config\Cache), false)
 9 FCPATH\index.php(79): CodeIgniter\CodeIgniter->run()
10 SYSTEMPATH\Commands\Server\rewrite.php(47): require_once('C:\\dev\\appstarter\\public\\index.php')
CRITICAL - 2024-01-02 09:58:22 --> ErrorException: Undefined variable $error
in APPPATH\Views\results.php on line 6.
 1 APPPATH\Views\results.php(6): CodeIgniter\Debug\Exceptions->errorHandler(2, 'Undefined variable $error', 'C:\\dev\\appstarter\\app\\Views\\results.php', 6)
 2 SYSTEMPATH\View\View.php(228): include('C:\\dev\\appstarter\\app\\Views\\results.php')
 3 SYSTEMPATH\View\View.php(231): CodeIgniter\View\View->CodeIgniter\View\{closure}()
 4 SYSTEMPATH\Common.php(1178): CodeIgniter\View\View->render('results', [], true)
 5 APPPATH\Controllers\MoviedbController.php(29): view('results', [...])
 6 SYSTEMPATH\CodeIgniter.php(941): App\Controllers\MoviedbController->search()
 7 SYSTEMPATH\CodeIgniter.php(502): CodeIgniter\CodeIgniter->runController(Object(App\Controllers\MoviedbController))
 8 SYSTEMPATH\CodeIgniter.php(361): CodeIgniter\CodeIgniter->handleRequest(null, Object(Config\Cache), false)
 9 FCPATH\index.php(79): CodeIgniter\CodeIgniter->run()
10 SYSTEMPATH\Commands\Server\rewrite.php(47): require_once('C:\\dev\\appstarter\\public\\index.php')
CRITICAL - 2024-01-02 09:58:44 --> ErrorException: Undefined variable $error
in APPPATH\Views\results.php on line 6.
 1 APPPATH\Views\results.php(6): CodeIgniter\Debug\Exceptions->errorHandler(2, 'Undefined variable $error', 'C:\\dev\\appstarter\\app\\Views\\results.php', 6)
 2 SYSTEMPATH\View\View.php(228): include('C:\\dev\\appstarter\\app\\Views\\results.php')
 3 SYSTEMPATH\View\View.php(231): CodeIgniter\View\View->CodeIgniter\View\{closure}()
 4 SYSTEMPATH\Common.php(1178): CodeIgniter\View\View->render('results', [], true)
 5 APPPATH\Controllers\MoviedbController.php(29): view('results', [...])
 6 SYSTEMPATH\CodeIgniter.php(941): App\Controllers\MoviedbController->search()
 7 SYSTEMPATH\CodeIgniter.php(502): CodeIgniter\CodeIgniter->runController(Object(App\Controllers\MoviedbController))
 8 SYSTEMPATH\CodeIgniter.php(361): CodeIgniter\CodeIgniter->handleRequest(null, Object(Config\Cache), false)
 9 FCPATH\index.php(79): CodeIgniter\CodeIgniter->run()
10 SYSTEMPATH\Commands\Server\rewrite.php(47): require_once('C:\\dev\\appstarter\\public\\index.php')
